INFO 2026-01-08 18:42:57,175 autoreload 14504 5948 Watching for file changes with StatReloader
INFO 2026-01-08 18:44:05,052 autoreload 18860 8272 Watching for file changes with StatReloader
INFO 2026-01-08 18:44:34,837 autoreload 11544 4664 Watching for file changes with StatReloader
INFO 2026-01-08 18:49:03,292 autoreload 7164 5328 Watching for file changes with StatReloader
INFO 2026-01-08 18:49:37,060 autoreload 7164 5328 D:\PG3-project\back-end\api\admin.py changed, reloading.
INFO 2026-01-08 18:49:38,003 autoreload 6564 1320 Watching for file changes with StatReloader
INFO 2026-01-08 18:49:40,922 autoreload 6564 1320 D:\PG3-project\back-end\api\admin.py changed, reloading.
INFO 2026-01-08 18:49:41,925 autoreload 11792 19428 Watching for file changes with StatReloader
INFO 2026-01-08 18:50:00,842 autoreload 12424 6840 Watching for file changes with StatReloader
INFO 2026-01-08 18:50:25,659 autoreload 12424 6840 D:\PG3-project\back-end\api\views_new.py changed, reloading.
INFO 2026-01-08 18:50:26,813 autoreload 1300 10432 Watching for file changes with StatReloader
INFO 2026-01-08 18:51:16,734 autoreload 18644 20996 Watching for file changes with StatReloader
INFO 2026-01-08 18:52:08,420 autoreload 18644 20996 D:\PG3-project\back-end\api\serializers.py changed, reloading.
INFO 2026-01-08 18:52:09,392 autoreload 14048 19404 Watching for file changes with StatReloader
INFO 2026-01-08 18:52:31,862 autoreload 14048 19404 D:\PG3-project\back-end\api\serializers.py changed, reloading.
INFO 2026-01-08 18:52:32,649 autoreload 11736 3604 Watching for file changes with StatReloader
INFO 2026-01-08 18:52:52,602 autoreload 11736 3604 D:\PG3-project\back-end\api\serializers.py changed, reloading.
INFO 2026-01-08 18:52:53,572 autoreload 21000 10536 Watching for file changes with StatReloader
INFO 2026-01-08 18:52:59,041 autoreload 21000 10536 D:\PG3-project\back-end\api\serializers.py changed, reloading.
INFO 2026-01-08 18:52:59,996 autoreload 18020 9964 Watching for file changes with StatReloader
INFO 2026-01-08 18:53:31,574 autoreload 18020 9964 D:\PG3-project\back-end\api\filters.py changed, reloading.
INFO 2026-01-08 18:53:32,549 autoreload 20764 18152 Watching for file changes with StatReloader
INFO 2026-01-08 18:53:56,680 autoreload 20764 18152 D:\PG3-project\back-end\api\serializers.py changed, reloading.
INFO 2026-01-08 18:53:57,821 autoreload 19228 12608 Watching for file changes with StatReloader
INFO 2026-01-08 18:54:36,885 autoreload 19228 12608 D:\PG3-project\back-end\api\serializers.py changed, reloading.
INFO 2026-01-08 18:54:37,896 autoreload 20996 5696 Watching for file changes with StatReloader
INFO 2026-01-08 18:54:40,671 autoreload 20996 5696 D:\PG3-project\back-end\api\views_new.py changed, reloading.
INFO 2026-01-08 18:54:41,780 autoreload 4104 4112 Watching for file changes with StatReloader
INFO 2026-01-08 18:54:43,805 autoreload 4104 4112 D:\PG3-project\back-end\api\filters.py changed, reloading.
INFO 2026-01-08 18:54:44,724 autoreload 20372 8784 Watching for file changes with StatReloader
INFO 2026-01-08 18:54:56,929 autoreload 20372 8784 D:\PG3-project\back-end\api\serializers.py changed, reloading.
INFO 2026-01-08 18:54:57,839 autoreload 7156 12592 Watching for file changes with StatReloader
INFO 2026-01-08 18:55:03,514 autoreload 7156 12592 D:\PG3-project\back-end\api\serializers.py changed, reloading.
INFO 2026-01-08 18:55:04,585 autoreload 19948 16060 Watching for file changes with StatReloader
INFO 2026-01-08 18:55:07,815 autoreload 19948 16060 D:\PG3-project\back-end\api\views_new.py changed, reloading.
INFO 2026-01-08 18:55:09,156 autoreload 8060 15960 Watching for file changes with StatReloader
INFO 2026-01-08 18:55:15,015 autoreload 8060 15960 D:\PG3-project\back-end\api\serializers.py changed, reloading.
INFO 2026-01-08 18:55:15,954 autoreload 8520 17328 Watching for file changes with StatReloader
INFO 2026-01-08 18:55:23,922 autoreload 8520 17328 D:\PG3-project\back-end\api\serializers.py changed, reloading.
INFO 2026-01-08 18:55:24,808 autoreload 15000 19228 Watching for file changes with StatReloader
INFO 2026-01-08 18:55:36,743 autoreload 15000 19228 D:\PG3-project\back-end\api\serializers.py changed, reloading.
INFO 2026-01-08 18:55:37,748 autoreload 16616 17636 Watching for file changes with StatReloader
INFO 2026-01-08 18:55:44,855 autoreload 16616 17636 D:\PG3-project\back-end\api\views_new.py changed, reloading.
INFO 2026-01-08 18:55:46,158 autoreload 4252 12356 Watching for file changes with StatReloader
INFO 2026-01-08 18:56:25,530 autoreload 4252 12356 D:\PG3-project\back-end\api\admin.py changed, reloading.
INFO 2026-01-08 18:56:26,584 autoreload 8208 11832 Watching for file changes with StatReloader
INFO 2026-01-08 18:56:33,821 autoreload 8208 11832 D:\PG3-project\back-end\api\views_new.py changed, reloading.
INFO 2026-01-08 18:56:34,858 autoreload 19936 5260 Watching for file changes with StatReloader
INFO 2026-01-08 18:56:37,816 autoreload 19936 5260 D:\PG3-project\back-end\api\views_new.py changed, reloading.
INFO 2026-01-08 18:56:38,978 autoreload 14540 6172 Watching for file changes with StatReloader
INFO 2026-01-08 18:56:41,525 autoreload 14540 6172 D:\PG3-project\back-end\api\views_new.py changed, reloading.
INFO 2026-01-08 18:56:42,516 autoreload 13684 9924 Watching for file changes with StatReloader
INFO 2026-01-08 18:56:48,599 autoreload 13684 9924 D:\PG3-project\back-end\api\serializers.py changed, reloading.
INFO 2026-01-08 18:56:49,568 autoreload 14904 2968 Watching for file changes with StatReloader
INFO 2026-01-08 18:56:54,184 autoreload 14904 2968 D:\PG3-project\back-end\api\serializers.py changed, reloading.
INFO 2026-01-08 18:56:55,051 autoreload 10472 6460 Watching for file changes with StatReloader
INFO 2026-01-08 18:56:59,671 autoreload 10472 6460 D:\PG3-project\back-end\api\serializers.py changed, reloading.
INFO 2026-01-08 18:57:00,649 autoreload 8460 12592 Watching for file changes with StatReloader
INFO 2026-01-08 18:57:04,205 autoreload 8460 12592 D:\PG3-project\back-end\api\views_new.py changed, reloading.
INFO 2026-01-08 18:57:05,349 autoreload 17012 17868 Watching for file changes with StatReloader
INFO 2026-01-08 18:57:55,219 autoreload 17032 3988 Watching for file changes with StatReloader
INFO 2026-01-08 18:58:07,744 autoreload 17032 3988 D:\PG3-project\back-end\middleware\auth_middleware.py changed, reloading.
INFO 2026-01-08 18:58:08,588 autoreload 9636 19912 Watching for file changes with StatReloader
